2021-10-08 07:38:57 DEBUG TestBase:56 - started executing the setup() 
2021-10-08 07:38:57 DEBUG TestBase:57 - fetch the browser value from properties file
2021-10-08 07:38:57 DEBUG TestBase:37 - Create Object for the class -Properties
2021-10-08 07:38:57 DEBUG TestBase:39 - read the properties file..
2021-10-08 07:38:57 DEBUG TestBase:43 - load the properties
2021-10-08 07:38:57 DEBUG TestBase:59 - launching the browser :chrome
2021-10-08 07:39:02 DEBUG TestBase:74 - maximize the window
2021-10-08 07:39:02 DEBUG TestBase:76 - add implicit wait
2021-10-08 07:39:02 DEBUG TestBase:78 - create object for WebDriverWait class
2021-10-08 07:39:02 DEBUG TestBase:37 - Create Object for the class -Properties
2021-10-08 07:39:02 DEBUG TestBase:39 - read the properties file..
2021-10-08 07:39:02 DEBUG TestBase:43 - load the properties
2021-10-08 07:39:02 DEBUG TestBase:80 - open the application url:https://linkedin.com
2021-10-08 07:39:02 DEBUG TestBase:37 - Create Object for the class -Properties
2021-10-08 07:39:02 DEBUG TestBase:39 - read the properties file..
2021-10-08 07:39:02 DEBUG TestBase:43 - load the properties
2021-10-08 07:39:05 DEBUG BasePageWeb:41 - wait for the element to be clickable or not
2021-10-08 07:39:05 DEBUG BasePageWeb:43 - click on the given element
2021-10-08 07:39:08 DEBUG TestBase:37 - Create Object for the class -Properties
2021-10-08 07:39:08 DEBUG TestBase:39 - read the properties file..
2021-10-08 07:39:08 DEBUG TestBase:43 - load the properties
2021-10-08 07:39:08 DEBUG TestBase:37 - Create Object for the class -Properties
2021-10-08 07:39:08 DEBUG TestBase:39 - read the properties file..
2021-10-08 07:39:08 DEBUG TestBase:43 - load the properties
2021-10-08 07:39:08 DEBUG BasePageWeb:77 - wait for the element to be clickable or not
2021-10-08 07:39:08 DEBUG BasePageWeb:79 - clear the content in given editbox element
2021-10-08 07:39:08 DEBUG BasePageWeb:77 - wait for the element to be clickable or not
2021-10-08 07:39:08 DEBUG BasePageWeb:79 - clear the content in given editbox element
2021-10-08 07:39:09 DEBUG BasePageWeb:41 - wait for the element to be clickable or not
2021-10-08 07:39:09 DEBUG BasePageWeb:43 - click on the given element
2021-10-08 07:39:17 DEBUG ExcelUtils:26 - Specify the path of file :D:\eclipseworkspaceAug2018\HybridFrameworkOct42021\src\test\java\com\qa\linkedin\data\searchData.xlsx
2021-10-08 07:39:17 DEBUG ExcelUtils:29 - read the file
2021-10-08 07:39:17 DEBUG ExcelUtils:31 - Load workbook
2021-10-08 07:39:19 DEBUG ExcelUtils:36 - fetch the row count
2021-10-08 07:39:19 DEBUG ExcelUtils:38 - number of rows in the excel sheet is-->8
2021-10-08 07:39:19 DEBUG ExcelUtils:40 - number of columns in the excel sheet is -->1
2021-10-08 07:39:19 DEBUG BasePageWeb:77 - wait for the element to be clickable or not
2021-10-08 07:39:19 DEBUG BasePageWeb:79 - clear the content in given editbox element
2021-10-08 07:39:23 DEBUG BasePageWeb:41 - wait for the element to be clickable or not
2021-10-08 07:39:23 DEBUG BasePageWeb:43 - click on the given element
2021-10-08 07:39:25 DEBUG BasePageWeb:56 - wait for the element to be clickable or not
2021-10-08 07:39:25 DEBUG BasePageWeb:59 - click an element using javascript click
2021-10-08 07:39:26 DEBUG BasePageWeb:77 - wait for the element to be clickable or not
2021-10-08 07:39:27 DEBUG BasePageWeb:79 - clear the content in given editbox element
2021-10-08 07:39:30 DEBUG BasePageWeb:41 - wait for the element to be clickable or not
2021-10-08 07:39:30 DEBUG BasePageWeb:43 - click on the given element
2021-10-08 07:39:32 DEBUG BasePageWeb:56 - wait for the element to be clickable or not
2021-10-08 07:39:32 DEBUG BasePageWeb:59 - click an element using javascript click
2021-10-08 07:39:33 DEBUG BasePageWeb:77 - wait for the element to be clickable or not
2021-10-08 07:39:33 DEBUG BasePageWeb:79 - clear the content in given editbox element
2021-10-08 07:39:36 DEBUG BasePageWeb:41 - wait for the element to be clickable or not
2021-10-08 07:39:36 DEBUG BasePageWeb:43 - click on the given element
2021-10-08 07:39:39 DEBUG BasePageWeb:56 - wait for the element to be clickable or not
2021-10-08 07:39:39 DEBUG BasePageWeb:59 - click an element using javascript click
2021-10-08 07:39:40 DEBUG BasePageWeb:77 - wait for the element to be clickable or not
2021-10-08 07:39:40 DEBUG BasePageWeb:79 - clear the content in given editbox element
2021-10-08 07:39:44 DEBUG BasePageWeb:41 - wait for the element to be clickable or not
2021-10-08 07:39:44 DEBUG BasePageWeb:43 - click on the given element
2021-10-08 07:39:46 DEBUG TestUtil:26 - ********************************************************************************
2021-10-08 07:39:46 DEBUG TestUtil:27 - Screenshot stored at path: target/surefire-reports/failedTestScreenshots/doPeopeSearchTest-Fri_Oct_08_07_39_45_IST_2021.png
2021-10-08 07:39:46 DEBUG TestUtil:28 - ********************************************************************************
2021-10-08 07:40:48 DEBUG TestUtil:26 - ********************************************************************************
2021-10-08 07:40:48 DEBUG TestUtil:27 - Screenshot stored at path: target/surefire-reports/failedTestScreenshots/doPeopeSearchTest-Fri_Oct_08_07_40_48_IST_2021.png
2021-10-08 07:40:48 DEBUG TestUtil:28 - ********************************************************************************
2021-10-08 07:41:51 DEBUG TestUtil:26 - ********************************************************************************
2021-10-08 07:41:51 DEBUG TestUtil:27 - Screenshot stored at path: target/surefire-reports/failedTestScreenshots/doPeopeSearchTest-Fri_Oct_08_07_41_50_IST_2021.png
2021-10-08 07:41:51 DEBUG TestUtil:28 - ********************************************************************************
2021-10-08 07:42:53 DEBUG TestUtil:26 - ********************************************************************************
2021-10-08 07:42:53 DEBUG TestUtil:27 - Screenshot stored at path: target/surefire-reports/failedTestScreenshots/doPeopeSearchTest-Fri_Oct_08_07_42_53_IST_2021.png
2021-10-08 07:42:53 DEBUG TestUtil:28 - ********************************************************************************
2021-10-08 07:43:56 DEBUG TestUtil:26 - ********************************************************************************
2021-10-08 07:43:56 DEBUG TestUtil:27 - Screenshot stored at path: target/surefire-reports/failedTestScreenshots/doPeopeSearchTest-Fri_Oct_08_07_43_56_IST_2021.png
2021-10-08 07:43:56 DEBUG TestUtil:28 - ********************************************************************************
2021-10-08 07:43:58 DEBUG BasePageWeb:56 - wait for the element to be clickable or not
2021-10-08 07:43:58 DEBUG BasePageWeb:59 - click an element using javascript click
2021-10-08 07:43:58 DEBUG BasePageWeb:41 - wait for the element to be clickable or not
2021-10-08 07:43:58 DEBUG BasePageWeb:43 - click on the given element
2021-10-08 07:43:59 DEBUG cache:45 - Couldn't find template in cache for "v3html/v3-html-index.ftl"("en", UTF-8, parsed); will try to load it.
2021-10-08 07:43:59 DEBUG cache:45 - TemplateLoader.findTemplateSource("v3html/v3-html-index_en.ftl"): Not found
2021-10-08 07:43:59 DEBUG cache:45 - TemplateLoader.findTemplateSource("v3html/v3-html-index.ftl"): Found
2021-10-08 07:43:59 DEBUG cache:45 - Loading template for "v3html/v3-html-index.ftl"("en", UTF-8, parsed) from "jar:file:/C:/Users/LENOVO/.m2/repository/com/aventstack/extentreports/4.0.9/extentreports-4.0.9.jar!/com/aventstack/extentreports/view/v3html/v3-html-index.ftl"
2021-10-08 07:43:59 DEBUG cache:45 - Couldn't find template in cache for "v3html/v3-html-head.ftl"("en", UTF-8, parsed); will try to load it.
2021-10-08 07:43:59 DEBUG cache:45 - TemplateLoader.findTemplateSource("v3html/v3-html-head_en.ftl"): Not found
2021-10-08 07:43:59 DEBUG cache:45 - TemplateLoader.findTemplateSource("v3html/v3-html-head.ftl"): Found
2021-10-08 07:43:59 DEBUG cache:45 - Loading template for "v3html/v3-html-head.ftl"("en", UTF-8, parsed) from "jar:file:/C:/Users/LENOVO/.m2/repository/com/aventstack/extentreports/4.0.9/extentreports-4.0.9.jar!/com/aventstack/extentreports/view/v3html/v3-html-head.ftl"
2021-10-08 07:43:59 DEBUG cache:45 - Couldn't find template in cache for "v3html/v3-html-nav.ftl"("en", UTF-8, parsed); will try to load it.
2021-10-08 07:43:59 DEBUG cache:45 - TemplateLoader.findTemplateSource("v3html/v3-html-nav_en.ftl"): Not found
2021-10-08 07:43:59 DEBUG cache:45 - TemplateLoader.findTemplateSource("v3html/v3-html-nav.ftl"): Found
2021-10-08 07:43:59 DEBUG cache:45 - Loading template for "v3html/v3-html-nav.ftl"("en", UTF-8, parsed) from "jar:file:/C:/Users/LENOVO/.m2/repository/com/aventstack/extentreports/4.0.9/extentreports-4.0.9.jar!/com/aventstack/extentreports/view/v3html/v3-html-nav.ftl"
2021-10-08 07:43:59 DEBUG cache:45 - Couldn't find template in cache for "v3html/test-view/v3-html-test-view.ftl"("en", UTF-8, parsed); will try to load it.
2021-10-08 07:43:59 DEBUG cache:45 - TemplateLoader.findTemplateSource("v3html/test-view/v3-html-test-view_en.ftl"): Not found
2021-10-08 07:43:59 DEBUG cache:45 - TemplateLoader.findTemplateSource("v3html/test-view/v3-html-test-view.ftl"): Found
2021-10-08 07:43:59 DEBUG cache:45 - Loading template for "v3html/test-view/v3-html-test-view.ftl"("en", UTF-8, parsed) from "jar:file:/C:/Users/LENOVO/.m2/repository/com/aventstack/extentreports/4.0.9/extentreports-4.0.9.jar!/com/aventstack/extentreports/view/v3html/test-view/v3-html-test-view.ftl"
2021-10-08 07:43:59 DEBUG cache:45 - Couldn't find template in cache for "v3html/test-view/v3-html-test-view-charts.ftl"("en", UTF-8, parsed); will try to load it.
2021-10-08 07:43:59 DEBUG cache:45 - TemplateLoader.findTemplateSource("v3html/test-view/v3-html-test-view-charts_en.ftl"): Not found
2021-10-08 07:43:59 DEBUG cache:45 - TemplateLoader.findTemplateSource("v3html/test-view/v3-html-test-view-charts.ftl"): Found
2021-10-08 07:43:59 DEBUG cache:45 - Loading template for "v3html/test-view/v3-html-test-view-charts.ftl"("en", UTF-8, parsed) from "jar:file:/C:/Users/LENOVO/.m2/repository/com/aventstack/extentreports/4.0.9/extentreports-4.0.9.jar!/com/aventstack/extentreports/view/v3html/test-view/v3-html-test-view-charts.ftl"
2021-10-08 07:43:59 DEBUG cache:45 - Couldn't find template in cache for "v3html/test-view/v3-html-standard.ftl"("en", UTF-8, parsed); will try to load it.
2021-10-08 07:43:59 DEBUG cache:45 - TemplateLoader.findTemplateSource("v3html/test-view/v3-html-standard_en.ftl"): Not found
2021-10-08 07:43:59 DEBUG cache:45 - TemplateLoader.findTemplateSource("v3html/test-view/v3-html-standard.ftl"): Found
2021-10-08 07:43:59 DEBUG cache:45 - Loading template for "v3html/test-view/v3-html-standard.ftl"("en", UTF-8, parsed) from "jar:file:/C:/Users/LENOVO/.m2/repository/com/aventstack/extentreports/4.0.9/extentreports-4.0.9.jar!/com/aventstack/extentreports/view/v3html/test-view/v3-html-standard.ftl"
2021-10-08 07:43:59 DEBUG cache:45 - "v3html/test-view/v3-html-standard.ftl"("en", UTF-8, parsed) cached copy not yet stale; using cached.
2021-10-08 07:43:59 DEBUG cache:45 - "v3html/test-view/v3-html-standard.ftl"("en", UTF-8, parsed) cached copy not yet stale; using cached.
2021-10-08 07:43:59 DEBUG cache:45 - "v3html/test-view/v3-html-standard.ftl"("en", UTF-8, parsed) cached copy not yet stale; using cached.
2021-10-08 07:43:59 DEBUG cache:45 - "v3html/test-view/v3-html-standard.ftl"("en", UTF-8, parsed) cached copy not yet stale; using cached.
2021-10-08 07:43:59 DEBUG cache:45 - "v3html/test-view/v3-html-standard.ftl"("en", UTF-8, parsed) cached copy not yet stale; using cached.
2021-10-08 07:43:59 DEBUG cache:45 - "v3html/test-view/v3-html-standard.ftl"("en", UTF-8, parsed) cached copy not yet stale; using cached.
2021-10-08 07:43:59 DEBUG cache:45 - "v3html/test-view/v3-html-standard.ftl"("en", UTF-8, parsed) cached copy not yet stale; using cached.
2021-10-08 07:43:59 DEBUG cache:45 - "v3html/test-view/v3-html-standard.ftl"("en", UTF-8, parsed) cached copy not yet stale; using cached.
2021-10-08 07:43:59 DEBUG cache:45 - Couldn't find template in cache for "v3html/category-view/v3-html-category-view.ftl"("en", UTF-8, parsed); will try to load it.
2021-10-08 07:43:59 DEBUG cache:45 - TemplateLoader.findTemplateSource("v3html/category-view/v3-html-category-view_en.ftl"): Not found
2021-10-08 07:43:59 DEBUG cache:45 - TemplateLoader.findTemplateSource("v3html/category-view/v3-html-category-view.ftl"): Found
2021-10-08 07:43:59 DEBUG cache:45 - Loading template for "v3html/category-view/v3-html-category-view.ftl"("en", UTF-8, parsed) from "jar:file:/C:/Users/LENOVO/.m2/repository/com/aventstack/extentreports/4.0.9/extentreports-4.0.9.jar!/com/aventstack/extentreports/view/v3html/category-view/v3-html-category-view.ftl"
2021-10-08 07:43:59 DEBUG cache:45 - Couldn't find template in cache for "v3html/exception-view/v3-html-exception-view.ftl"("en", UTF-8, parsed); will try to load it.
2021-10-08 07:43:59 DEBUG cache:45 - TemplateLoader.findTemplateSource("v3html/exception-view/v3-html-exception-view_en.ftl"): Not found
2021-10-08 07:43:59 DEBUG cache:45 - TemplateLoader.findTemplateSource("v3html/exception-view/v3-html-exception-view.ftl"): Found
2021-10-08 07:43:59 DEBUG cache:45 - Loading template for "v3html/exception-view/v3-html-exception-view.ftl"("en", UTF-8, parsed) from "jar:file:/C:/Users/LENOVO/.m2/repository/com/aventstack/extentreports/4.0.9/extentreports-4.0.9.jar!/com/aventstack/extentreports/view/v3html/exception-view/v3-html-exception-view.ftl"
2021-10-08 07:44:00 DEBUG cache:45 - Couldn't find template in cache for "v3html/author-view/v3-html-author-view.ftl"("en", UTF-8, parsed); will try to load it.
2021-10-08 07:44:00 DEBUG cache:45 - TemplateLoader.findTemplateSource("v3html/author-view/v3-html-author-view_en.ftl"): Not found
2021-10-08 07:44:00 DEBUG cache:45 - TemplateLoader.findTemplateSource("v3html/author-view/v3-html-author-view.ftl"): Found
2021-10-08 07:44:00 DEBUG cache:45 - Loading template for "v3html/author-view/v3-html-author-view.ftl"("en", UTF-8, parsed) from "jar:file:/C:/Users/LENOVO/.m2/repository/com/aventstack/extentreports/4.0.9/extentreports-4.0.9.jar!/com/aventstack/extentreports/view/v3html/author-view/v3-html-author-view.ftl"
2021-10-08 07:44:00 DEBUG cache:45 - Couldn't find template in cache for "v3html/dashboard-view/v3-html-dashboard-view.ftl"("en", UTF-8, parsed); will try to load it.
2021-10-08 07:44:00 DEBUG cache:45 - TemplateLoader.findTemplateSource("v3html/dashboard-view/v3-html-dashboard-view_en.ftl"): Not found
2021-10-08 07:44:00 DEBUG cache:45 - TemplateLoader.findTemplateSource("v3html/dashboard-view/v3-html-dashboard-view.ftl"): Found
2021-10-08 07:44:00 DEBUG cache:45 - Loading template for "v3html/dashboard-view/v3-html-dashboard-view.ftl"("en", UTF-8, parsed) from "jar:file:/C:/Users/LENOVO/.m2/repository/com/aventstack/extentreports/4.0.9/extentreports-4.0.9.jar!/com/aventstack/extentreports/view/v3html/dashboard-view/v3-html-dashboard-view.ftl"
2021-10-08 07:44:00 DEBUG cache:45 - Couldn't find template in cache for "v3html/logs-view/v3-html-testrunner-logs-view.ftl"("en", UTF-8, parsed); will try to load it.
2021-10-08 07:44:00 DEBUG cache:45 - TemplateLoader.findTemplateSource("v3html/logs-view/v3-html-testrunner-logs-view_en.ftl"): Not found
2021-10-08 07:44:00 DEBUG cache:45 - TemplateLoader.findTemplateSource("v3html/logs-view/v3-html-testrunner-logs-view.ftl"): Found
2021-10-08 07:44:00 DEBUG cache:45 - Loading template for "v3html/logs-view/v3-html-testrunner-logs-view.ftl"("en", UTF-8, parsed) from "jar:file:/C:/Users/LENOVO/.m2/repository/com/aventstack/extentreports/4.0.9/extentreports-4.0.9.jar!/com/aventstack/extentreports/view/v3html/logs-view/v3-html-testrunner-logs-view.ftl"
2021-10-08 07:44:00 DEBUG TestBase:88 - started tear down method...
2021-10-08 07:44:00 DEBUG TestBase:89 - close the browser
